<?xml version="1.0" encoding="UTF-8"?>
<!-- Generated by org.testng.reporters.JUnitReportReporter -->
<testsuite skipped="0" hostname="DESKTOP-RT4A8PE" name="tests.DummyClass" tests="1" failures="0" timestamp="2025-01-10T21:05:04 EET" time="77.664" errors="0">
  <testcase name="dummyTest" time="77.664" classname="tests.DummyClass"/>
  <system-out/>
</testsuite> <!-- tests.DummyClass -->
