<?xml version="1.0" encoding="UTF-8"?>
<!-- Generated by org.testng.reporters.JUnitReportReporter -->
<testsuite skipped="0" hostname="DESKTOP-RT4A8PE" name="tests.DummyClass2" tests="1" failures="0" timestamp="2025-01-09T18:13:39 EET" time="12.812" errors="0">
  <testcase name="dummyTest" time="12.812" classname="tests.DummyClass2"/>
  <system-out/>
</testsuite> <!-- tests.DummyClass2 -->
